<?xml version="1.0" encoding="UTF-8"?>
<testng-results ignored="2" total="4" passed="2" failed="0" skipped="0">
  <reporter-output>
  </reporter-output>
  <suite started-at="2023-11-03T12:54:58 IST" name="Suite" finished-at="2023-11-03T12:55:28 IST" duration-ms="30342">
    <groups>
      <group name="IT">
        <method signature="DWS_Home_03_Test.Add_the_product_to_the_cart_from_home_Page()[pri:0, instance:Home.DWS_Home_03_Test@4659191b]" name="Add_the_product_to_the_cart_from_home_Page" class="Home.DWS_Home_03_Test"/>
        <method signature="DWS_Home_05_Test.Add_product_from_DeskTop_and_add_to_comparelist()[pri:0, instance:Home.DWS_Home_05_Test@4efac082]" name="Add_product_from_DeskTop_and_add_to_comparelist" class="Home.DWS_Home_05_Test"/>
      </group> <!-- IT -->
    </groups>
    <test started-at="2023-11-03T12:54:58 IST" name="Test" finished-at="2023-11-03T12:55:28 IST" duration-ms="30342">
      <class name="Home.DWS_Home_05_Test">
        <test-method is-config="true" signature="launchingBrowserAndNavigateToApplication()[pri:0, instance:Home.DWS_Home_05_Test@4efac082]" started-at="2023-11-03T12:55:12 IST" name="launchingBrowserAndNavigateToApplication" finished-at="2023-11-03T12:55:20 IST" duration-ms="8264" status="PASS">
          <reporter-output>
          </reporter-output>
        </test-method> <!-- launchingBrowserAndNavigateToApplication -->
        <test-method is-config="true" signature="loginToApplication()[pri:0, instance:Home.DWS_Home_05_Test@4efac082]" started-at="2023-11-03T12:55:20 IST" name="loginToApplication" finished-at="2023-11-03T12:55:20 IST" duration-ms="9" status="PASS">
          <reporter-output>
          </reporter-output>
        </test-method> <!-- loginToApplication -->
        <test-method signature="Add_product_from_DeskTop_and_add_to_comparelist()[pri:0, instance:Home.DWS_Home_05_Test@4efac082]" started-at="2023-11-03T12:55:20 IST" name="Add_product_from_DeskTop_and_add_to_comparelist" finished-at="2023-11-03T12:55:28 IST" duration-ms="8055" status="PASS">
          <reporter-output>
          </reporter-output>
        </test-method> <!-- Add_product_from_DeskTop_and_add_to_comparelist -->
        <test-method is-config="true" signature="logOutFromApplication()[pri:0, instance:Home.DWS_Home_05_Test@4efac082]" started-at="2023-11-03T12:55:28 IST" name="logOutFromApplication" finished-at="2023-11-03T12:55:28 IST" duration-ms="0" status="PASS">
          <reporter-output>
          </reporter-output>
        </test-method> <!-- logOutFromApplication -->
        <test-method is-config="true" signature="tearDownTheBrowser()[pri:0, instance:Home.DWS_Home_05_Test@4efac082]" started-at="2023-11-03T12:55:28 IST" name="tearDownTheBrowser" finished-at="2023-11-03T12:55:28 IST" duration-ms="387" status="PASS">
          <reporter-output>
          </reporter-output>
        </test-method> <!-- tearDownTheBrowser -->
      </class> <!-- Home.DWS_Home_05_Test -->
      <class name="Home.DWS_Home_03_Test">
        <test-method is-config="true" signature="launchingBrowserAndNavigateToApplication()[pri:0, instance:Home.DWS_Home_03_Test@4659191b]" started-at="2023-11-03T12:54:59 IST" name="launchingBrowserAndNavigateToApplication" finished-at="2023-11-03T12:55:11 IST" duration-ms="12017" status="PASS">
          <reporter-output>
          </reporter-output>
        </test-method> <!-- launchingBrowserAndNavigateToApplication -->
        <test-method is-config="true" signature="loginToApplication()[pri:0, instance:Home.DWS_Home_03_Test@4659191b]" started-at="2023-11-03T12:55:11 IST" name="loginToApplication" finished-at="2023-11-03T12:55:11 IST" duration-ms="100" status="PASS">
          <reporter-output>
          </reporter-output>
        </test-method> <!-- loginToApplication -->
        <test-method signature="Add_the_product_to_the_cart_from_home_Page()[pri:0, instance:Home.DWS_Home_03_Test@4659191b]" started-at="2023-11-03T12:55:11 IST" name="Add_the_product_to_the_cart_from_home_Page" finished-at="2023-11-03T12:55:11 IST" duration-ms="365" status="PASS">
          <reporter-output>
          </reporter-output>
        </test-method> <!-- Add_the_product_to_the_cart_from_home_Page -->
        <test-method is-config="true" signature="logOutFromApplication()[pri:0, instance:Home.DWS_Home_03_Test@4659191b]" started-at="2023-11-03T12:55:11 IST" name="logOutFromApplication" finished-at="2023-11-03T12:55:11 IST" duration-ms="8" status="PASS">
          <reporter-output>
          </reporter-output>
        </test-method> <!-- logOutFromApplication -->
        <test-method is-config="true" signature="tearDownTheBrowser()[pri:0, instance:Home.DWS_Home_03_Test@4659191b]" started-at="2023-11-03T12:55:11 IST" name="tearDownTheBrowser" finished-at="2023-11-03T12:55:12 IST" duration-ms="471" status="PASS">
          <reporter-output>
          </reporter-output>
        </test-method> <!-- tearDownTheBrowser -->
      </class> <!-- Home.DWS_Home_03_Test -->
    </test> <!-- Test -->
  </suite> <!-- Suite -->
</testng-results>
