<?xml version="1.0" encoding="UTF-8"?>
<!-- Generated by org.testng.reporters.JUnitXMLReporter -->
<testsuite ignored="2" hostname="DESKTOP-1174PKU" failures="0" tests="2" name="Test" time="30.342" errors="0" timestamp="2023-11-03T12:55:29 IST">
  <testcase classname="Home.DWS_Home_03_Test" name="Add_the_product_to_the_cart_from_home_Page" time="0.365"/>
  <testcase classname="Home.DWS_Home_05_Test" name="Add_product_from_DeskTop_and_add_to_comparelist" time="8.055"/>
  <testcase classname="Home.DWS_Home_04_Test" name="Add_the_product_from_Booklink_and_check_whether_the_product_is_been_added_to_cart" time="0.0">
    <ignored/>
  </testcase> <!-- Add_the_product_from_Booklink_and_check_whether_the_product_is_been_added_to_cart -->
  <testcase classname="Jewelry.DWS_Jewelry_09_Test" name="Verify_user_can_able_to_add_Jewelry_product_to_wishlist" time="0.0">
    <ignored/>
  </testcase> <!-- Verify_user_can_able_to_add_Jewelry_product_to_wishlist -->
</testsuite> <!-- Test -->
